<?xml version="1.0" encoding="UTF-8"?>
<testsuite name="transformComposite" tests="1" skipped="0" failures="0" errors="0" timestamp="2022-11-14T16:27:19" hostname="LAPTOP-OVF0C9GO" time="0.038">
  <properties/>
  <testcase name="transformerComposite()" classname="transformComposite" time="0.038"/>
  <system-out><![CDATA[]]></system-out>
  <system-err><![CDATA[]]></system-err>
</testsuite>
